This is pdfeTeX, Version 3.141592-1.30.6-2.2 (MiKTeX 2.5) (preloaded format=latex 2006.6.23)  29 MAY 2008 00:02
entering extended mode
**luan_van.tex
(luan_van.tex
LaTeX2e <2005/12/01>
Babel <v3.8g> and hyphenation patterns for english, dumylang, nohyphenation, ge
rman, ngerman, french, loaded.
(c:\vnmik\texmf\tex\latex\base\report.cls
Document Class: report 2005/09/16 v1.4f Standard LaTeX document class
(c:\vnmik\texmf\tex\latex\base\size12.clo
File: size12.clo 2005/09/16 v1.4f Standard LaTeX file (size option)
)
\c@part=\count79
\c@chapter=\count80
\c@section=\count81
\c@subsection=\count82
\c@subsubsection=\count83
\c@paragraph=\count84
\c@subparagraph=\count85
\c@figure=\count86
\c@table=\count87
\abovecaptionskip=\skip41
\belowcaptionskip=\skip42
\bibindent=\dimen102
) (main.sty (mystyle.sty
(c:\vnmik\texmf_vntex\tex\latex\vntex\vietnam.sty
Package: vietnam 2006/10/18 v1.2 support for Vietnamese

(c:\vnmik\texmf\tex\latex\base\ifthen.sty
Package: ifthen 2001/05/26 v1.1c Standard LaTeX ifthen package (DPC)
)
(c:\vnmik\texmf\tex\latex\base\fontenc.sty
Package: fontenc 2005/09/27 v1.99g Standard LaTeX package

(c:\vnmik\texmf_vntex\tex\latex\vntex\t5enc.def
File: t5enc.def 2006/11/21 v1.4 Vietnamese T5 encoding
)
LaTeX Font Info:    Try loading font information for T5+cmr on input line 100.

(c:\vnmik\texmf_vntex\tex\latex\vntex\t5cmr.fd
File: t5cmr.fd 1999/05/25 v2.5h Standard LaTeX font definitions
))
(c:\vnmik\texmf\tex\latex\base\inputenc.sty
Package: inputenc 2006/05/05 v1.1b Input encoding file
\inpenc@prehook=\toks14
\inpenc@posthook=\toks15

(c:\vnmik\texmf_vntex\tex\latex\vntex\tcvn.def
File: tcvn.def 2005/04/21 v1.1 TCVN Vietnamese input encoding
))
(c:\vnmik\texmf_vntex\tex\latex\vntex\vncaps.tex
File: vncaps.tex 2006/06/07 v1.1 Captions in Vietnamese
))
(c:\vnmik\texmf\tex\latex\epsf\epsf.sty
This is `epsf.tex' v2.7.3 <23 July 2005>
\epsffilein=\read1
\epsfframemargin=\dimen103
\epsfframethickness=\dimen104
\epsfrsize=\dimen105
\epsftmp=\dimen106
\epsftsize=\dimen107
\epsfxsize=\dimen108
\epsfysize=\dimen109
\pspoints=\dimen110
) (c:\vnmik\texmf\tex\latex\graphics\graphicx.sty
Package: graphicx 1999/02/16 v1.0f Enhanced LaTeX Graphics (DPC,SPQR)

(c:\vnmik\texmf\tex\latex\graphics\keyval.sty
Package: keyval 1999/03/16 v1.13 key=value parser (DPC)
\KV@toks@=\toks16
)
(c:\vnmik\texmf\tex\latex\graphics\graphics.sty
Package: graphics 2006/02/20 v1.0o Standard LaTeX Graphics (DPC,SPQR)

(c:\vnmik\texmf\tex\latex\graphics\trig.sty
Package: trig 1999/03/16 v1.09 sin cos tan (DPC)
)
(c:\vnmik\texmf\tex\latex\00miktex\graphics.cfg
File: graphics.cfg 2005/12/29 v1.2 MiKTeX 'graphics' configuration
)
Package graphics Info: Driver file: dvips.def on input line 90.

(c:\vnmik\texmf\tex\latex\graphics\dvips.def
File: dvips.def 1999/02/16 v3.0i Driver-dependant file (DPC,SPQR)
))
\Gin@req@height=\dimen111
\Gin@req@width=\dimen112
)
(c:\vnmik\texmf\tex\latex\amsmath\amsmath.sty
Package: amsmath 2000/07/18 v2.13 AMS math features
\@mathmargin=\skip43

For additional information on amsmath, use the `?' option.
(c:\vnmik\texmf\tex\latex\amsmath\amstext.sty
Package: amstext 2000/06/29 v2.01

(c:\vnmik\texmf\tex\latex\amsmath\amsgen.sty
File: amsgen.sty 1999/11/30 v2.0
\@emptytoks=\toks17
\ex@=\dimen113
))
(c:\vnmik\texmf\tex\latex\amsmath\amsbsy.sty
Package: amsbsy 1999/11/29 v1.2d
\pmbraise@=\dimen114
)
(c:\vnmik\texmf\tex\latex\amsmath\amsopn.sty
Package: amsopn 1999/12/14 v2.01 operator names
)
\inf@bad=\count88
LaTeX Info: Redefining \frac on input line 211.
\uproot@=\count89
\leftroot@=\count90
LaTeX Info: Redefining \overline on input line 307.
\classnum@=\count91
\DOTSCASE@=\count92
LaTeX Info: Redefining \ldots on input line 379.
LaTeX Info: Redefining \dots on input line 382.
LaTeX Info: Redefining \cdots on input line 467.
\Mathstrutbox@=\box26
\strutbox@=\box27
\big@size=\dimen115
LaTeX Font Info:    Redeclaring font encoding OML on input line 567.
LaTeX Font Info:    Redeclaring font encoding OMS on input line 568.
\macc@depth=\count93
\c@MaxMatrixCols=\count94
\dotsspace@=\muskip10
\c@parentequation=\count95
\dspbrk@lvl=\count96
\tag@help=\toks18
\row@=\count97
\column@=\count98
\maxfields@=\count99
\andhelp@=\toks19
\eqnshift@=\dimen116
\alignsep@=\dimen117
\tagshift@=\dimen118
\tagwidth@=\dimen119
\totwidth@=\dimen120
\lineht@=\dimen121
\@envbody=\toks20
\multlinegap=\skip44
\multlinetaggap=\skip45
\mathdisplay@stack=\toks21
LaTeX Info: Redefining \[ on input line 2666.
LaTeX Info: Redefining \] on input line 2667.
)
(c:\vnmik\texmf\tex\latex\amsfonts\amsfonts.sty
Package: amsfonts 2001/10/25 v2.2f
\symAMSa=\mathgroup4
\symAMSb=\mathgroup5
LaTeX Font Info:    Overwriting math alphabet `\mathfrak' in version `bold'
(Font)                  U/euf/m/n --> U/euf/b/n on input line 132.
)
(c:\vnmik\texmf\tex\latex\geometry\geometry.sty
Package: geometry 2002/07/08 v3.2 Page Geometry
\Gm@cnth=\count100
\Gm@cntv=\count101
\c@Gm@tempcnt=\count102
\Gm@bindingoffset=\dimen122
\Gm@wd@mp=\dimen123
\Gm@odd@mp=\dimen124
\Gm@even@mp=\dimen125
\Gm@dimlist=\toks22

(c:\vnmik\texmf\tex\latex\geometry\geometry.cfg))
(c:\vnmik\texmf_extra\tex\latex\setspace\setspace.sty
Package: setspace 2000/12/01 6.7 Contributed and Supported LaTeX2e package

Package: `setspace' 6.7 <2000/12/01>
) (c:\vnmik\texmf_extra\tex\latex\biblatex\biblatex.sty
Package: biblatex 2006/11/12 v0.5 Programmable bibliographies

(c:\vnmik\texmf\tex\latex\misc\etex.sty
Package: etex 1998/03/26 v2.0 eTeX basic definition package (PEB)
\et@xins=\count103
)
\c@listtotal=\count104
\c@listcount=\count105
\c@liststart=\count106
\c@liststop=\count107
\c@maxnames=\count108
\c@minnames=\count109
\c@refsection=\count110
\c@refsegment=\count111
\c@abbrvpenalty=\count112
\c@lownamepenalty=\count113
\c@highnamepenalty=\count114
\c@citecount=\count115
\labelnumberwidth=\skip46
\labelalphawidth=\skip47
\shorthandwidth=\skip48
\biblabelsep=\skip49
\bibitemsep=\skip50
\bibparsep=\skip51
\bibhang=\skip52
\blx@maxsection=\count116
\blx@maxsegment=\count117
\blx@labelnumber=\count118
\blx@auxin=\read2
\blx@auxout=\write3
\c@labelname=\count119
\c@author=\count120
\c@bookauthor=\count121
\c@editor=\count122
\c@translator=\count123
\c@annotator=\count124
\c@commentator=\count125
\c@introduction=\count126
\c@foreword=\count127
\c@afterword=\count128
\c@namea=\count129
\c@nameb=\count130
\c@namec=\count131
\c@institution=\count132
\c@language=\count133
\c@location=\count134
\c@organization=\count135
\c@origlanguage=\count136
\c@origlocation=\count137
\c@pageref=\count138
\c@publisher=\count139

(c:\vnmik\texmf_extra\tex\latex\biblatex\biblatex.def
File: biblatex.def 2006/11/12 v0.5 biblatex generic definitions
)
(c:\vnmik\texmf_extra\tex\latex\biblatex\cbx\biblatex.cbx
File: biblatex.cbx 2006/11/12 v0.5 biblatex generic definitions
)
(c:\vnmik\texmf_extra\tex\latex\biblatex\bbx\biblatex.bbx
File: biblatex.bbx 2006/11/12 v0.5 biblatex generic definitions
)
Package biblatex Info: Trying to load citation style `numeric'...
Package biblatex Info: ... file `numeric.cbx' found.

(c:\vnmik\texmf_extra\tex\latex\biblatex\cbx\numeric.cbx
File: numeric.cbx 2006/11/12 v0.5 biblatex citation style
)
Package biblatex Info: Trying to load bibliography style `numeric'...
Package biblatex Info: ... file `numeric.bbx' found.

(c:\vnmik\texmf_extra\tex\latex\biblatex\bbx\numeric.bbx
File: numeric.bbx 2006/11/12 v0.5 biblatex bibliography style
Package biblatex Info: Trying to load bibliography style `standard'...
Package biblatex Info: ... file `standard.bbx' found.

(c:\vnmik\texmf_extra\tex\latex\biblatex\bbx\standard.bbx
File: standard.bbx 2006/11/12 v0.5 biblatex bibliography style
))
Package biblatex Info: Trying to load configuration file...
Package biblatex Info: ... file `biblatex.cfg' found.
 (biblatex.cfg))
(c:\vnmik\texmf\tex\latex\base\alltt.sty
Package: alltt 1997/06/16 v2.0g defines alltt environment
)
(c:\vnmik\texmf\tex\latex\psnfss\pifont.sty
Package: pifont 2005/04/12 PSNFSS-v9.2a Pi font support (SPQR) 
LaTeX Font Info:    Try loading font information for U+pzd on input line 63.

(c:\vnmik\texmf\tex\latex\psnfss\upzd.fd
File: upzd.fd 2001/06/04 font definitions for U/pzd.
)
LaTeX Font Info:    Try loading font information for U+psy on input line 64.

(c:\vnmik\texmf\tex\latex\psnfss\upsy.fd
File: upsy.fd 2001/06/04 font definitions for U/psy.
))
(c:\vnmik\texmf\tex\latex\tools\array.sty
Package: array 2005/08/23 v2.4b Tabular extension package (FMi)
\col@sep=\dimen126
\extrarowheight=\dimen127
\NC@list=\toks23
\extratabsurround=\skip53
\backup@length=\skip54
)
(c:\vnmik\texmf\tex\latex\lineno\lineno.sty
Package: lineno 2005/11/02 line numbers on paragraphs v4.41
\linenopenalty=\count140
\output=\toks24
\linenoprevgraf=\count141
\linenumbersep=\dimen128
\linenumberwidth=\dimen129
\c@linenumber=\count142
\c@pagewiselinenumber=\count143
\c@LN@truepage=\count144
\c@internallinenumber=\count145
\c@internallinenumbers=\count146
\quotelinenumbersep=\dimen130
\bframerule=\dimen131
\bframesep=\dimen132
\bframebox=\box28
LaTeX Info: Redefining \\ on input line 3056.
)
(c:\vnmik\texmf\tex\generic\oberdiek\ifpdf.sty
Package: ifpdf 2006/02/20 v1.4 Provides the ifpdf switch (HO)
Package ifpdf Info: pdfTeX in pdf mode not detected.
)
(c:\vnmik\texmf\tex\latex\graphics\lscape.sty
Package: lscape 2000/10/22 v3.01 Landscape Pages (DPC)
)
(c:\vnmik\texmf\tex\latex\tools\verbatim.sty
Package: verbatim 2003/08/22 v1.5q LaTeX2e package for verbatim enhancements
\every@verbatim=\toks25
\verbatim@line=\toks26
\verbatim@in@stream=\read3
)
(c:\vnmik\texmf\tex\latex\tools\calc.sty
Package: calc 2005/08/06 v4.2 Infix arithmetic (KKT,FJ)
\calc@Acount=\count147
\calc@Bcount=\count148
\calc@Adimen=\dimen133
\calc@Bdimen=\dimen134
\calc@Askip=\skip55
\calc@Bskip=\skip56
LaTeX Info: Redefining \setlength on input line 75.
LaTeX Info: Redefining \addtolength on input line 76.
\calc@Ccount=\count149
\calc@Cskip=\skip57
)
(c:\vnmik\texmf\tex\latex\ltxmisc\url.sty
\Urlmuskip=\muskip11
Package: url 2005/06/27  ver 3.2  Verb mode for urls, etc.
)
(c:\vnmik\texmf_extra\tex\latex\ntheorem\ntheorem.sty
Style `ntheorem', Version 1.24 <2004/09/20>
Package: ntheorem 2004/09/20 1.24
\theorem@style=\toks27
\theorem@@style=\toks28
\theorembodyfont=\toks29
\theoremnumbering=\toks30
\theorempreskipamount=\skip58
\theorempostskipamount=\skip59
\theoremindent=\dimen135
\theorem@indent=\dimen136
\theoremheaderfont=\toks31
\theoremseparator=\toks32
\theoremprework=\toks33
\theorempostwork=\toks34
\theoremsymbol=\toks35
\qedsymbol=\toks36
\theoremkeyword=\toks37
\qedsymbol=\toks38
\thm@topsepadd=\skip60
Package ntheorem Info: Local config file ntheorem.cfg used on input line 1038.
(ntheorem.cfg
\c@dinhnghia=\count150
\c@dinhly=\count151
\c@chungminh=\count152
\c@baitoanBJ=\count153
)) (ktv-maths.sty
Package: ktv-maths 2006/12/06 v3.b ktv-maths for vnmik3.vnthesis
) (c:\vnmik\texmf\tex\latex\base\shortvrb.sty
Package: shortvrb 2006/02/02 v2.1d Standard LaTeX documentation package (FMi)
)
(iprefix.cfg)
Package shortvrb Info: Made  a short reference for \verb on input line 97.
) (luan_van.cfg)
\fexport=\write4
\fexportI=\write5
\fexportcnt=\count154
\fexportIlist=\write6
) (luan_van.aux)
LaTeX Font Info:    Checking defaults for OML/cmm/m/it on input line 11.
LaTeX Font Info:    ... okay on input line 11.
LaTeX Font Info:    Checking defaults for T1/cmr/m/n on input line 11.
LaTeX Font Info:    ... okay on input line 11.
LaTeX Font Info:    Checking defaults for OT1/cmr/m/n on input line 11.
LaTeX Font Info:    ... okay on input line 11.
LaTeX Font Info:    Checking defaults for OMS/cmsy/m/n on input line 11.
LaTeX Font Info:    ... okay on input line 11.
LaTeX Font Info:    Checking defaults for OMX/cmex/m/n on input line 11.
LaTeX Font Info:    ... okay on input line 11.
LaTeX Font Info:    Checking defaults for U/cmr/m/n on input line 11.
LaTeX Font Info:    ... okay on input line 11.
LaTeX Font Info:    Checking defaults for T5/cmr/m/n on input line 11.
LaTeX Font Info:    ... okay on input line 11.
-------------------- Geometry parameters
paper: a4paper
landscape: --
twocolumn: --
twoside: --
asymmetric: --
h-parts: 99.58464pt, 441.01773pt, 56.9055pt
v-parts: 93.89409pt, 680.02087pt, 71.13188pt
hmarginratio: --
vmarginratio: --
lines: --
heightrounded: --
bindingoffset: 0.0pt
truedimen: --
includehead: --
includefoot: --
includemp: true
driver: dvips
-------------------- Page layout dimensions and switches
\paperwidth  597.50787pt
\paperheight 845.04684pt
\textwidth  441.01773pt
\textheight 680.02087pt
\oddsidemargin  27.31465pt
\evensidemargin 27.31465pt
\topmargin  21.6241pt
\headheight 0.0pt
\headsep    0.0pt
\footskip   35.2414pt
\marginparwidth 0.0pt
\marginparsep   0.0pt
\columnsep  10.0pt
\skip\footins  23.49426pt
\hoffset 0.0pt
\voffset 0.0pt
\mag 1000

(1in=72.27pt, 1cm=28.45pt)
-----------------------
Package biblatex Info: Trying to load language `english'...
Package biblatex Info: ... file `english.lbx' found.

(c:\vnmik\texmf_extra\tex\latex\biblatex\lbx\english.lbx
File: english.lbx 2006/11/12 v0.5 biblatex localization
)
Package biblatex Info: Trying to load bibliographic data...
Package biblatex Info: ... file `luan_van.bbl' found.
 (luan_van.bbl)
(all.tex)
\tf@thm=\write7
 (luan_van.aux) ) 
Here is how much of TeX's memory you used:
 4876 strings out of 95420
 59750 string characters out of 1187560
 130505 words of memory out of 1134205
 7754 multiletter control sequences out of 60000
 5600 words of font info for 18 fonts, out of 1000000 for 2000
 14 hyphenation exceptions out of 8191
 42i,1n,26p,787b,120s stack positions out of 5000i,500n,10000p,200000b,32768s

No pages of output.
